<?xml version="1.0" encoding="UTF-8"?>
<testng-results skipped="0" failed="0" total="2" passed="2">
  <reporter-output>
  </reporter-output>
  <suite name="Default suite" duration-ms="60" started-at="2020-09-02T06:44:14Z" finished-at="2020-09-02T06:44:14Z">
    <groups>
    </groups>
    <test name="Default test" duration-ms="60" started-at="2020-09-02T06:44:14Z" finished-at="2020-09-02T06:44:14Z">
      <class name="TestCase.TestPractise">
        <test-method status="PASS" signature="m2()[pri:0, instance:TestCase.TestPractise@1e67a849]" name="m2" is-config="true" duration-ms="17" started-at="2020-09-02T12:14:14Z" finished-at="2020-09-02T12:14:14Z">
          <reporter-output>
          </reporter-output>
        </test-method> <!-- m2 -->
        <test-method status="PASS" signature="m4()[pri:0, instance:TestCase.TestPractise@1e67a849]" name="m4" is-config="true" duration-ms="0" started-at="2020-09-02T12:14:14Z" finished-at="2020-09-02T12:14:14Z">
          <reporter-output>
          </reporter-output>
        </test-method> <!-- m4 -->
        <test-method status="PASS" signature="m7()[pri:0, instance:TestCase.TestPractise@1e67a849]" name="m7" is-config="true" duration-ms="1" started-at="2020-09-02T12:14:14Z" finished-at="2020-09-02T12:14:14Z">
          <reporter-output>
          </reporter-output>
        </test-method> <!-- m7 -->
        <test-method status="PASS" signature="m11()[pri:0, instance:TestCase.TestPractise@1e67a849]" name="m11" duration-ms="14" started-at="2020-09-02T12:14:14Z" finished-at="2020-09-02T12:14:14Z">
          <reporter-output>
          </reporter-output>
        </test-method> <!-- m11 -->
        <test-method status="PASS" signature="m123()[pri:0, instance:TestCase.TestPractise@1e67a849]" name="m123" duration-ms="3" started-at="2020-09-02T12:14:14Z" depends-on-methods="TestCase.TestPractise.m11" finished-at="2020-09-02T12:14:14Z">
          <reporter-output>
          </reporter-output>
        </test-method> <!-- m123 -->
        <test-method status="PASS" signature="m6()[pri:0, instance:TestCase.TestPractise@1e67a849]" name="m6" is-config="true" duration-ms="0" started-at="2020-09-02T12:14:14Z" finished-at="2020-09-02T12:14:14Z">
          <reporter-output>
          </reporter-output>
        </test-method> <!-- m6 -->
        <test-method status="PASS" signature="m5()[pri:0, instance:TestCase.TestPractise@1e67a849]" name="m5" is-config="true" duration-ms="1" started-at="2020-09-02T12:14:14Z" finished-at="2020-09-02T12:14:14Z">
          <reporter-output>
          </reporter-output>
        </test-method> <!-- m5 -->
        <test-method status="PASS" signature="m3()[pri:0, instance:TestCase.TestPractise@1e67a849]" name="m3" is-config="true" duration-ms="0" started-at="2020-09-02T12:14:23Z" finished-at="2020-09-02T12:14:23Z">
          <reporter-output>
          </reporter-output>
        </test-method> <!-- m3 -->
      </class> <!-- TestCase.TestPractise -->
    </test> <!-- Default test -->
  </suite> <!-- Default suite -->
</testng-results>
