<?xml version="1.0" encoding="UTF-8"?>
<testng-results skipped="0" failed="0" ignored="0" total="1" passed="1">
  <reporter-output>
  </reporter-output>
  <suite name="Default suite" duration-ms="26765" started-at="2020-09-10T08:11:15Z" finished-at="2020-09-10T08:11:42Z">
    <groups>
    </groups>
    <test name="Default test" duration-ms="26765" started-at="2020-09-10T08:11:15Z" finished-at="2020-09-10T08:11:42Z">
      <class name="com.jira.FunctionalTest">
        <test-method status="PASS" signature="uploadFile()[pri:0, instance:com.jira.FunctionalTest@515aebb0]" name="uploadFile" duration-ms="26573" started-at="2020-09-10T08:11:15Z" finished-at="2020-09-10T08:11:42Z">
          <reporter-output>
          </reporter-output>
        </test-method> <!-- uploadFile -->
      </class> <!-- com.jira.FunctionalTest -->
    </test> <!-- Default test -->
  </suite> <!-- Default suite -->
</testng-results>
