<?xml version="1.0" encoding="UTF-8"?>
<!-- Generated by org.testng.reporters.JUnitXMLReporter -->
<testsuite hostname="abc-PC" name="Test" tests="1" failures="1" timestamp="2 Sep 2020 06:21:43 GMT" time="0.08" errors="0">
  <testcase name="openBrowser" time="0.052" classname="airtel_TestCases.Airtel">
    <failure type="java.lang.NoClassDefFoundError" message="org/apache/commons/lang3/SystemUtils">
      <![CDATA[java.lang.NoClassDefFoundError: org/apache/commons/lang3/SystemUtils
	at io.github.bonigarcia.wdm.Config.defaultOsName(Config.java:253)
	at io.github.bonigarcia.wdm.Config.<init>(Config.java:85)
	at io.github.bonigarcia.wdm.WebDriverManager.<init>(WebDriverManager.java:140)
	at io.github.bonigarcia.wdm.ChromeDriverManager.<init>(ChromeDriverManager.java:36)
	at io.github.bonigarcia.wdm.WebDriverManager.chromedriver(WebDriverManager.java:159)
	at airtel_TestCases.Airtel.openBrowser(Airtel.java:16)
Caused by: java.lang.ClassNotFoundException: org.apache.commons.lang3.SystemUtils
	at java.net.URLClassLoader.findClass(Unknown Source)
	at java.lang.ClassLoader.loadClass(Unknown Source)
	at sun.misc.Launcher$AppClassLoader.loadClass(Unknown Source)
	at java.lang.ClassLoader.loadClass(Unknown Source)
	... 30 more
... Removed 24 stack frames]]>
    </failure>
  </testcase> <!-- openBrowser -->
</testsuite> <!-- Test -->
