<?xml version="1.0" encoding="UTF-8"?>
<!-- Generated by org.testng.reporters.JUnitXMLReporter -->
<testsuite hostname="abc-PC" name="Test" tests="56" failures="4" timestamp="2 Sep 2020 06:11:45 GMT" time="4.872" errors="0">
  <testcase name="@BeforeMethod openBrowser" time="0.0" classname="Airtel_TestCases.Airtel">
    <failure type="java.lang.NoClassDefFoundError" message="org/openqa/selenium/MutableCapabilities">
      <![CDATA[java.lang.NoClassDefFoundError: org/openqa/selenium/MutableCapabilities
	at java.lang.ClassLoader.defineClass1(Native Method)
	at java.lang.ClassLoader.defineClass(Unknown Source)
	at java.security.SecureClassLoader.defineClass(Unknown Source)
	at java.net.URLClassLoader.defineClass(Unknown Source)
	at java.net.URLClassLoader.access$100(Unknown Source)
	at java.net.URLClassLoader$1.run(Unknown Source)
	at java.net.URLClassLoader$1.run(Unknown Source)
	at java.security.AccessController.doPrivileged(Native Method)
	at java.net.URLClassLoader.findClass(Unknown Source)
	at java.lang.ClassLoader.loadClass(Unknown Source)
	at sun.misc.Launcher$AppClassLoader.loadClass(Unknown Source)
	at java.lang.ClassLoader.loadClass(Unknown Source)
	at org.openqa.selenium.chrome.ChromeDriver.<init>(ChromeDriver.java:123)
	at Airtel_TestCases.Airtel.openBrowser(Airtel.java:27)
Caused by: java.lang.ClassNotFoundException: org.openqa.selenium.MutableCapabilities
	at java.net.URLClassLoader.findClass(Unknown Source)
	at java.lang.ClassLoader.loadClass(Unknown Source)
	at sun.misc.Launcher$AppClassLoader.loadClass(Unknown Source)
	at java.lang.ClassLoader.loadClass(Unknown Source)
	... 40 more
... Removed 26 stack frames]]>
    </failure>
  </testcase> <!-- @BeforeMethod openBrowser -->
  <testcase name="@AfterMethod closeBrowser" time="0.0" classname="Airtel_TestCases.Airtel">
    <skipped/>
  </testcase> <!-- @AfterMethod closeBrowser -->
  <testcase name="@BeforeMethod openBrowser" time="0.0" classname="Airtel_TestCases.Airtel">
    <skipped/>
  </testcase> <!-- @BeforeMethod openBrowser -->
  <testcase name="@AfterMethod closeBrowser" time="0.0" classname="Airtel_TestCases.Airtel">
    <skipped/>
  </testcase> <!-- @AfterMethod closeBrowser -->
  <testcase name="@BeforeMethod openBrowser" time="0.0" classname="Airtel_TestCases.Airtel">
    <skipped/>
  </testcase> <!-- @BeforeMethod openBrowser -->
  <testcase name="@AfterMethod closeBrowser" time="0.0" classname="Airtel_TestCases.Airtel">
    <skipped/>
  </testcase> <!-- @AfterMethod closeBrowser -->
  <testcase name="@BeforeMethod openBrowser" time="0.0" classname="Airtel_TestCases.Airtel">
    <skipped/>
  </testcase> <!-- @BeforeMethod openBrowser -->
  <testcase name="@AfterMethod closeBrowser" time="0.0" classname="Airtel_TestCases.Airtel">
    <skipped/>
  </testcase> <!-- @AfterMethod closeBrowser -->
  <testcase name="@BeforeMethod openBrowser" time="0.0" classname="Airtel_TestCases.Airtel">
    <skipped/>
  </testcase> <!-- @BeforeMethod openBrowser -->
  <testcase name="@AfterMethod closeBrowser" time="0.0" classname="Airtel_TestCases.Airtel">
    <skipped/>
  </testcase> <!-- @AfterMethod closeBrowser -->
  <testcase name="@BeforeMethod openBrowser" time="0.0" classname="Airtel_TestCases.Airtel">
    <skipped/>
  </testcase> <!-- @BeforeMethod openBrowser -->
  <testcase name="@AfterMethod closeBrowser" time="0.0" classname="Airtel_TestCases.Airtel">
    <skipped/>
  </testcase> <!-- @AfterMethod closeBrowser -->
  <testcase name="@BeforeMethod openBrowser" time="0.0" classname="Airtel_TestCases.Airtel">
    <skipped/>
  </testcase> <!-- @BeforeMethod openBrowser -->
  <testcase name="@AfterMethod closeBrowser" time="0.0" classname="Airtel_TestCases.Airtel">
    <skipped/>
  </testcase> <!-- @AfterMethod closeBrowser -->
  <testcase name="@BeforeMethod openBrowser" time="0.0" classname="Airtel_TestCases.Airtel">
    <skipped/>
  </testcase> <!-- @BeforeMethod openBrowser -->
  <testcase name="@AfterMethod closeBrowser" time="0.0" classname="Airtel_TestCases.Airtel">
    <skipped/>
  </testcase> <!-- @AfterMethod closeBrowser -->
  <testcase name="@BeforeMethod openBrowser" time="0.0" classname="Airtel_TestCases.Airtel">
    <skipped/>
  </testcase> <!-- @BeforeMethod openBrowser -->
  <testcase name="@AfterMethod closeBrowser" time="0.0" classname="Airtel_TestCases.Airtel">
    <skipped/>
  </testcase> <!-- @AfterMethod closeBrowser -->
  <testcase name="@BeforeMethod openBrowser" time="0.0" classname="Airtel_TestCases.Airtel">
    <skipped/>
  </testcase> <!-- @BeforeMethod openBrowser -->
  <testcase name="@AfterMethod closeBrowser" time="0.0" classname="Airtel_TestCases.Airtel">
    <skipped/>
  </testcase> <!-- @AfterMethod closeBrowser -->
  <testcase name="@BeforeMethod openBrowser" time="0.0" classname="Airtel_TestCases.Airtel">
    <skipped/>
  </testcase> <!-- @BeforeMethod openBrowser -->
  <testcase name="@AfterMethod closeBrowser" time="0.0" classname="Airtel_TestCases.Airtel">
    <skipped/>
  </testcase> <!-- @AfterMethod closeBrowser -->
  <testcase name="@BeforeMethod openBrowser" time="0.0" classname="Airtel_TestCases.Airtel">
    <skipped/>
  </testcase> <!-- @BeforeMethod openBrowser -->
  <testcase name="@AfterMethod closeBrowser" time="0.0" classname="Airtel_TestCases.Airtel">
    <skipped/>
  </testcase> <!-- @AfterMethod closeBrowser -->
  <testcase name="@BeforeMethod openBrowser" time="0.0" classname="Airtel_TestCases.Airtel">
    <skipped/>
  </testcase> <!-- @BeforeMethod openBrowser -->
  <testcase name="@AfterMethod closeBrowser" time="0.0" classname="Airtel_TestCases.Airtel">
    <skipped/>
  </testcase> <!-- @AfterMethod closeBrowser -->
  <testcase name="@BeforeMethod openBrowser" time="0.0" classname="Airtel_TestCases.Airtel">
    <skipped/>
  </testcase> <!-- @BeforeMethod openBrowser -->
  <testcase name="@AfterMethod closeBrowser" time="0.0" classname="Airtel_TestCases.Airtel">
    <skipped/>
  </testcase> <!-- @AfterMethod closeBrowser -->
  <testcase name="@BeforeMethod openBrowser" time="0.0" classname="Airtel_TestCases.Airtel">
    <skipped/>
  </testcase> <!-- @BeforeMethod openBrowser -->
  <testcase name="@AfterMethod closeBrowser" time="0.0" classname="Airtel_TestCases.Airtel">
    <skipped/>
  </testcase> <!-- @AfterMethod closeBrowser -->
  <testcase name="@BeforeMethod openBrowser" time="0.0" classname="Airtel_TestCases.Airtel">
    <skipped/>
  </testcase> <!-- @BeforeMethod openBrowser -->
  <testcase name="@AfterMethod closeBrowser" time="0.0" classname="Airtel_TestCases.Airtel">
    <skipped/>
  </testcase> <!-- @AfterMethod closeBrowser -->
  <testcase name="@BeforeMethod openBrowser" time="0.0" classname="Airtel_TestCases.Airtel">
    <skipped/>
  </testcase> <!-- @BeforeMethod openBrowser -->
  <testcase name="@AfterMethod closeBrowser" time="0.0" classname="Airtel_TestCases.Airtel">
    <skipped/>
  </testcase> <!-- @AfterMethod closeBrowser -->
  <testcase name="@BeforeMethod openBrowser" time="0.0" classname="Airtel_TestCases.Airtel">
    <skipped/>
  </testcase> <!-- @BeforeMethod openBrowser -->
  <testcase name="@AfterMethod closeBrowser" time="0.0" classname="Airtel_TestCases.Airtel">
    <skipped/>
  </testcase> <!-- @AfterMethod closeBrowser -->
  <testcase name="@BeforeMethod openBrowser" time="0.0" classname="Airtel_TestCases.Airtel">
    <skipped/>
  </testcase> <!-- @BeforeMethod openBrowser -->
  <testcase name="@AfterMethod closeBrowser" time="0.0" classname="Airtel_TestCases.Airtel">
    <skipped/>
  </testcase> <!-- @AfterMethod closeBrowser -->
  <testcase name="@BeforeMethod openBrowser" time="0.0" classname="Airtel_TestCases.Airtel">
    <skipped/>
  </testcase> <!-- @BeforeMethod openBrowser -->
  <testcase name="@AfterMethod closeBrowser" time="0.0" classname="Airtel_TestCases.Airtel">
    <skipped/>
  </testcase> <!-- @AfterMethod closeBrowser -->
  <testcase name="@BeforeMethod openBrowser" time="0.0" classname="Airtel_TestCases.Airtel">
    <skipped/>
  </testcase> <!-- @BeforeMethod openBrowser -->
  <testcase name="@AfterMethod closeBrowser" time="0.0" classname="Airtel_TestCases.Airtel">
    <skipped/>
  </testcase> <!-- @AfterMethod closeBrowser -->
  <testcase name="@BeforeMethod openBrowser" time="0.0" classname="Airtel_TestCases.Airtel">
    <skipped/>
  </testcase> <!-- @BeforeMethod openBrowser -->
  <testcase name="@AfterMethod closeBrowser" time="0.0" classname="Airtel_TestCases.Airtel">
    <skipped/>
  </testcase> <!-- @AfterMethod closeBrowser -->
  <testcase name="@BeforeMethod openBrowser" time="0.0" classname="Airtel_TestCases.Airtel">
    <skipped/>
  </testcase> <!-- @BeforeMethod openBrowser -->
  <testcase name="@AfterMethod closeBrowser" time="0.0" classname="Airtel_TestCases.Airtel">
    <skipped/>
  </testcase> <!-- @AfterMethod closeBrowser -->
  <testcase name="@BeforeMethod openBrowser" time="0.0" classname="Airtel_TestCases.Airtel">
    <skipped/>
  </testcase> <!-- @BeforeMethod openBrowser -->
  <testcase name="@AfterMethod closeBrowser" time="0.0" classname="Airtel_TestCases.Airtel">
    <skipped/>
  </testcase> <!-- @AfterMethod closeBrowser -->
  <testcase name="@BeforeMethod openBrowser" time="0.0" classname="Airtel_TestCases.Airtel">
    <skipped/>
  </testcase> <!-- @BeforeMethod openBrowser -->
  <testcase name="@AfterMethod closeBrowser" time="0.0" classname="Airtel_TestCases.Airtel">
    <skipped/>
  </testcase> <!-- @AfterMethod closeBrowser -->
  <testcase name="@BeforeMethod openBrowser" time="0.0" classname="Airtel_TestCases.Airtel">
    <skipped/>
  </testcase> <!-- @BeforeMethod openBrowser -->
  <testcase name="@AfterMethod closeBrowser" time="0.0" classname="Airtel_TestCases.Airtel">
    <skipped/>
  </testcase> <!-- @AfterMethod closeBrowser -->
  <testcase name="@BeforeMethod openBrowser" time="0.0" classname="Airtel_TestCases.Airtel">
    <skipped/>
  </testcase> <!-- @BeforeMethod openBrowser -->
  <testcase name="@AfterMethod closeBrowser" time="0.0" classname="Airtel_TestCases.Airtel">
    <skipped/>
  </testcase> <!-- @AfterMethod closeBrowser -->
  <testcase name="@BeforeMethod openBrowser" time="0.0" classname="Airtel_TestCases.Airtel">
    <skipped/>
  </testcase> <!-- @BeforeMethod openBrowser -->
  <testcase name="@AfterMethod closeBrowser" time="0.0" classname="Airtel_TestCases.Airtel">
    <skipped/>
  </testcase> <!-- @AfterMethod closeBrowser -->
  <testcase name="@BeforeMethod openBrowser" time="0.0" classname="Airtel_TestCases.Airtel">
    <skipped/>
  </testcase> <!-- @BeforeMethod openBrowser -->
  <testcase name="@AfterMethod closeBrowser" time="0.0" classname="Airtel_TestCases.Airtel">
    <skipped/>
  </testcase> <!-- @AfterMethod closeBrowser -->
  <testcase name="@BeforeMethod openBrowser" time="0.0" classname="Airtel_TestCases.Airtel">
    <skipped/>
  </testcase> <!-- @BeforeMethod openBrowser -->
  <testcase name="@AfterMethod closeBrowser" time="0.0" classname="Airtel_TestCases.Airtel">
    <skipped/>
  </testcase> <!-- @AfterMethod closeBrowser -->
  <testcase name="@BeforeMethod openBrowser" time="0.0" classname="Airtel_TestCases.Airtel">
    <skipped/>
  </testcase> <!-- @BeforeMethod openBrowser -->
  <testcase name="@AfterMethod closeBrowser" time="0.0" classname="Airtel_TestCases.Airtel">
    <skipped/>
  </testcase> <!-- @AfterMethod closeBrowser -->
  <testcase name="@BeforeMethod openBrowser" time="0.0" classname="Airtel_TestCases.Airtel">
    <skipped/>
  </testcase> <!-- @BeforeMethod openBrowser -->
  <testcase name="@AfterMethod closeBrowser" time="0.0" classname="Airtel_TestCases.Airtel">
    <skipped/>
  </testcase> <!-- @AfterMethod closeBrowser -->
  <testcase name="@BeforeMethod openBrowser" time="0.0" classname="Airtel_TestCases.Airtel">
    <skipped/>
  </testcase> <!-- @BeforeMethod openBrowser -->
  <testcase name="@AfterMethod closeBrowser" time="0.0" classname="Airtel_TestCases.Airtel">
    <skipped/>
  </testcase> <!-- @AfterMethod closeBrowser -->
  <testcase name="@BeforeMethod openBrowser" time="0.0" classname="Airtel_TestCases.Airtel">
    <skipped/>
  </testcase> <!-- @BeforeMethod openBrowser -->
  <testcase name="@AfterMethod closeBrowser" time="0.0" classname="Airtel_TestCases.Airtel">
    <skipped/>
  </testcase> <!-- @AfterMethod closeBrowser -->
  <testcase name="@BeforeMethod openBrowser" time="0.0" classname="Airtel_TestCases.Airtel">
    <skipped/>
  </testcase> <!-- @BeforeMethod openBrowser -->
  <testcase name="@AfterMethod closeBrowser" time="0.0" classname="Airtel_TestCases.Airtel">
    <skipped/>
  </testcase> <!-- @AfterMethod closeBrowser -->
  <testcase name="@BeforeMethod openBrowser" time="0.0" classname="Airtel_TestCases.Airtel">
    <skipped/>
  </testcase> <!-- @BeforeMethod openBrowser -->
  <testcase name="@AfterMethod closeBrowser" time="0.0" classname="Airtel_TestCases.Airtel">
    <skipped/>
  </testcase> <!-- @AfterMethod closeBrowser -->
  <testcase name="@BeforeMethod openBrowser" time="0.0" classname="Airtel_TestCases.Airtel">
    <skipped/>
  </testcase> <!-- @BeforeMethod openBrowser -->
  <testcase name="@AfterMethod closeBrowser" time="0.0" classname="Airtel_TestCases.Airtel">
    <skipped/>
  </testcase> <!-- @AfterMethod closeBrowser -->
  <testcase name="@BeforeMethod openBrowser" time="0.0" classname="Airtel_TestCases.Airtel">
    <skipped/>
  </testcase> <!-- @BeforeMethod openBrowser -->
  <testcase name="@AfterMethod closeBrowser" time="0.0" classname="Airtel_TestCases.Airtel">
    <skipped/>
  </testcase> <!-- @AfterMethod closeBrowser -->
  <testcase name="@BeforeMethod openBrowser" time="0.0" classname="Airtel_TestCases.Airtel">
    <skipped/>
  </testcase> <!-- @BeforeMethod openBrowser -->
  <testcase name="@AfterMethod closeBrowser" time="0.0" classname="Airtel_TestCases.Airtel">
    <skipped/>
  </testcase> <!-- @AfterMethod closeBrowser -->
  <testcase name="@BeforeMethod openBrowser" time="0.0" classname="Airtel_TestCases.Airtel">
    <skipped/>
  </testcase> <!-- @BeforeMethod openBrowser -->
  <testcase name="@AfterMethod closeBrowser" time="0.0" classname="Airtel_TestCases.Airtel">
    <skipped/>
  </testcase> <!-- @AfterMethod closeBrowser -->
  <testcase name="@BeforeMethod openBrowser" time="0.0" classname="Airtel_TestCases.Airtel">
    <skipped/>
  </testcase> <!-- @BeforeMethod openBrowser -->
  <testcase name="@AfterMethod closeBrowser" time="0.0" classname="Airtel_TestCases.Airtel">
    <skipped/>
  </testcase> <!-- @AfterMethod closeBrowser -->
  <testcase name="@BeforeMethod openBrowser" time="0.0" classname="Airtel_TestCases.Airtel">
    <skipped/>
  </testcase> <!-- @BeforeMethod openBrowser -->
  <testcase name="@AfterMethod closeBrowser" time="0.0" classname="Airtel_TestCases.Airtel">
    <skipped/>
  </testcase> <!-- @AfterMethod closeBrowser -->
  <testcase name="@BeforeMethod openBrowser" time="0.0" classname="Airtel_TestCases.Airtel">
    <skipped/>
  </testcase> <!-- @BeforeMethod openBrowser -->
  <testcase name="@AfterMethod closeBrowser" time="0.0" classname="Airtel_TestCases.Airtel">
    <skipped/>
  </testcase> <!-- @AfterMethod closeBrowser -->
  <testcase name="airtelPaymentBankLinkVerification" time="0.004" classname="Airtel_TestCases.Airtel">
    <skipped/>
  </testcase> <!-- airtelPaymentBankLinkVerification -->
  <testcase name="leftArrowVisibilityTest" time="0.001" classname="Airtel_TestCases.Airtel">
    <skipped/>
  </testcase> <!-- leftArrowVisibilityTest -->
  <testcase name="prepaidImageLink_VisibilityTest" time="0.002" classname="Airtel_TestCases.Airtel">
    <skipped/>
  </testcase> <!-- prepaidImageLink_VisibilityTest -->
  <testcase name="wynkLinkVerification" time="0.003" classname="Airtel_TestCases.Airtel">
    <skipped/>
  </testcase> <!-- wynkLinkVerification -->
  <testcase name="rechargeTab_PAYBILL_Button_VisibilityTest" time="0.006" classname="Airtel_TestCases.Airtel">
    <skipped/>
  </testcase> <!-- rechargeTab_PAYBILL_Button_VisibilityTest -->
  <testcase name="buyXstream_QuickActionContainer_VisibilityTest" time="0.002" classname="Airtel_TestCases.Airtel">
    <skipped/>
  </testcase> <!-- buyXstream_QuickActionContainer_VisibilityTest -->
  <testcase name="popUpBoxLogoVisibilityTest" time="0.001" classname="Airtel_TestCases.Airtel">
    <skipped/>
  </testcase> <!-- popUpBoxLogoVisibilityTest -->
  <testcase name="personalTextVerification" time="0.002" classname="Airtel_TestCases.Airtel">
    <skipped/>
  </testcase> <!-- personalTextVerification -->
  <testcase name="prepaidToPostpaidLink_QuickActionContainer_VisibilityTest" time="0.003" classname="Airtel_TestCases.Airtel">
    <skipped/>
  </testcase> <!-- prepaidToPostpaidLink_QuickActionContainer_VisibilityTest -->
  <testcase name="popUpBoxDontAllowButtonVisibilityTest" time="0.001" classname="Airtel_TestCases.Airtel">
    <skipped/>
  </testcase> <!-- popUpBoxDontAllowButtonVisibilityTest -->
  <testcase name="getAppImageLinkVisibilityTest" time="0.004" classname="Airtel_TestCases.Airtel">
    <skipped/>
  </testcase> <!-- getAppImageLinkVisibilityTest -->
  <testcase name="businessPostpaidLink_QuickActionContainer_VisibilityTest" time="0.001" classname="Airtel_TestCases.Airtel">
    <skipped/>
  </testcase> <!-- businessPostpaidLink_QuickActionContainer_VisibilityTest -->
  <testcase name="rechargeTabText2_VisibilityTest" time="0.002" classname="Airtel_TestCases.Airtel">
    <skipped/>
  </testcase> <!-- rechargeTabText2_VisibilityTest -->
  <testcase name="portToAirtelLink_QuickActionContainer_VisibilityTest" time="0.002" classname="Airtel_TestCases.Airtel">
    <skipped/>
  </testcase> <!-- portToAirtelLink_QuickActionContainer_VisibilityTest -->
  <testcase name="oneAirtelPlan_QuickActionContainer_VisibilityTest" time="0.002" classname="Airtel_TestCases.Airtel">
    <skipped/>
  </testcase> <!-- oneAirtelPlan_QuickActionContainer_VisibilityTest -->
  <testcase name="rechargeTab_RegisterMobIDTextBox_VisibilityTest" time="0.003" classname="Airtel_TestCases.Airtel">
    <skipped/>
  </testcase> <!-- rechargeTab_RegisterMobIDTextBox_VisibilityTest -->
  <testcase name="airtelPaymentsBank_QuickActionContainer_VisibilityTest" time="0.003" classname="Airtel_TestCases.Airtel">
    <skipped/>
  </testcase> <!-- airtelPaymentsBank_QuickActionContainer_VisibilityTest -->
  <testcase name="popUpBoxText1VisibilityTest" time="0.001" classname="Airtel_TestCases.Airtel">
    <skipped/>
  </testcase> <!-- popUpBoxText1VisibilityTest -->
  <testcase name="businessLinkVerification" time="0.001" classname="Airtel_TestCases.Airtel">
    <skipped/>
  </testcase> <!-- businessLinkVerification -->
  <testcase name="homePage" time="0.001" classname="Airtel_TestCases.Airtel">
    <skipped/>
  </testcase> <!-- homePage -->
  <testcase name="rechargeTabText1_VisibilityTest" time="0.001" classname="Airtel_TestCases.Airtel">
    <skipped/>
  </testcase> <!-- rechargeTabText1_VisibilityTest -->
  <testcase name="buyPostpaid_QuickActionContainer_VisibilityTest" time="0.001" classname="Airtel_TestCases.Airtel">
    <skipped/>
  </testcase> <!-- buyPostpaid_QuickActionContainer_VisibilityTest -->
  <testcase name="dthImageLink_VisibilityTest" time="0.003" classname="Airtel_TestCases.Airtel">
    <skipped/>
  </testcase> <!-- dthImageLink_VisibilityTest -->
  <testcase name="airtelStoreImageLinkVisibilityTest" time="0.001" classname="Airtel_TestCases.Airtel">
    <skipped/>
  </testcase> <!-- airtelStoreImageLinkVisibilityTest -->
  <testcase name="investorLinkVerification" time="0.002" classname="Airtel_TestCases.Airtel">
    <skipped/>
  </testcase> <!-- investorLinkVerification -->
  <testcase name="loginImageLinkVisibilityTest" time="0.011" classname="Airtel_TestCases.Airtel">
    <skipped/>
  </testcase> <!-- loginImageLinkVisibilityTest -->
  <testcase name="broadbandImageLink_VisibilityTest" time="0.001" classname="Airtel_TestCases.Airtel">
    <skipped/>
  </testcase> <!-- broadbandImageLink_VisibilityTest -->
  <testcase name="xstremLinkVerification" time="0.003" classname="Airtel_TestCases.Airtel">
    <skipped/>
  </testcase> <!-- xstremLinkVerification -->
  <testcase name="buyBroadband_QuickActionContainer_VisibilityTest" time="0.001" classname="Airtel_TestCases.Airtel">
    <skipped/>
  </testcase> <!-- buyBroadband_QuickActionContainer_VisibilityTest -->
  <testcase name="popUpBoxText2VisibilityTest" time="0.001" classname="Airtel_TestCases.Airtel">
    <skipped/>
  </testcase> <!-- popUpBoxText2VisibilityTest -->
  <testcase name="rechargeTab_EnterMobNoTextBox_VisibilityTest" time="0.003" classname="Airtel_TestCases.Airtel">
    <skipped/>
  </testcase> <!-- rechargeTab_EnterMobNoTextBox_VisibilityTest -->
  <testcase name="titleChecking" time="0.001" classname="Airtel_TestCases.Airtel">
    <skipped/>
  </testcase> <!-- titleChecking -->
  <testcase name="popUpBoxVisibilityTest" time="0.002" classname="Airtel_TestCases.Airtel">
    <skipped/>
  </testcase> <!-- popUpBoxVisibilityTest -->
  <testcase name="careerLinkVerification" time="0.001" classname="Airtel_TestCases.Airtel">
    <skipped/>
  </testcase> <!-- careerLinkVerification -->
  <testcase name="postpaidImageLink_VisibilityTest" time="0.001" classname="Airtel_TestCases.Airtel">
    <skipped/>
  </testcase> <!-- postpaidImageLink_VisibilityTest -->
  <testcase name="internationalRoamingLink_QuickActionContainer_VisibilityTest" time="0.002" classname="Airtel_TestCases.Airtel">
    <skipped/>
  </testcase> <!-- internationalRoamingLink_QuickActionContainer_VisibilityTest -->
  <testcase name="rightArrowVisibilityTest" time="0.003" classname="Airtel_TestCases.Airtel">
    <skipped/>
  </testcase> <!-- rightArrowVisibilityTest -->
  <testcase name="buyPrepaid_QuickActionContainer_VisibilityTest" time="0.001" classname="Airtel_TestCases.Airtel">
    <skipped/>
  </testcase> <!-- buyPrepaid_QuickActionContainer_VisibilityTest -->
  <testcase name="popUpBoxAllowButtonVisibilityTest" time="0.001" classname="Airtel_TestCases.Airtel">
    <skipped/>
  </testcase> <!-- popUpBoxAllowButtonVisibilityTest -->
  <testcase name="wificallingLink_QuickActionContainer_VisibilityTest" time="0.001" classname="Airtel_TestCases.Airtel">
    <skipped/>
  </testcase> <!-- wificallingLink_QuickActionContainer_VisibilityTest -->
  <testcase name="logoVisibility" time="0.002" classname="Airtel_TestCases.Airtel">
    <skipped/>
  </testcase> <!-- logoVisibility -->
  <testcase name="rechargeTab_RECHARGE_Button_VisibilityTest" time="0.004" classname="Airtel_TestCases.Airtel">
    <skipped/>
  </testcase> <!-- rechargeTab_RECHARGE_Button_VisibilityTest -->
  <testcase name="buyDTH_QuickActionContainer_VisibilityTest" time="0.001" classname="Airtel_TestCases.Airtel">
    <skipped/>
  </testcase> <!-- buyDTH_QuickActionContainer_VisibilityTest -->
  <testcase name="m1" time="0.002" classname="TestCase.SanityTesting">
    <failure type="java.lang.ArithmeticException" message="/ by zero">
      <![CDATA[java.lang.ArithmeticException: / by zero
	at TestCase.SanityTesting.m1(SanityTesting.java:12)
... Removed 24 stack frames]]>
    </failure>
  </testcase> <!-- m1 -->
  <testcase name="credentials" time="0.001" classname="TestCase.STest"/>
  <testcase name="credentials" time="0.001" classname="TestCase.STest"/>
  <testcase name="credentials" time="0.002" classname="TestCase.STest"/>
  <testcase name="credentials" time="0.001" classname="TestCase.STest"/>
  <testcase name="m3" time="0.02" classname="TestCase.ListnerExample">
    <failure type="junit.framework.ComparisonFailure" message="expected:&amp;lt;hi[]&amp;gt; but was:&amp;lt;hi[o]&amp;gt;">
      <![CDATA[junit.framework.ComparisonFailure: expected:<hi[]> but was:<hi[o]>
	at junit.framework.Assert.assertEquals(Assert.java:100)
	at junit.framework.Assert.assertEquals(Assert.java:107)
	at TestCase.ListnerExample.m3(ListnerExample.java:24)
... Removed 24 stack frames]]>
    </failure>
  </testcase> <!-- m3 -->
  <testcase name="m1" time="0.002" classname="TestCase.ListnerExample"/>
  <testcase name="m11" time="0.004" classname="TestCase.TestPractise">
    <failure type="java.lang.AssertionError" message="expected [hik] but found [hi]">
      <![CDATA[java.lang.AssertionError: expected [hik] but found [hi]
	at TestCase.TestPractise.m11(TestPractise.java:23)
... Removed 29 stack frames]]>
    </failure>
  </testcase> <!-- m11 -->
  <testcase name="m1" time="0.001" classname="TestCase.TestPractise1"/>
  <testcase name="m9" time="0.002" classname="TestCase.TestPractise1"/>
  <testcase name="m1" time="0.002" classname="TestFramework.Tester">
    <failure type="java.lang.Error" message="Unresolved compilation problems: 
	locatorValue cannot be resolved to a variable
	locatorType cannot be resolved to a variable
	locatorValue cannot be resolved to a variable
	textToEnter cannot be resolved to a variable
	locatorType cannot be resolved to a variable
	locatorValue cannot be resolved to a variable
">
      <![CDATA[java.lang.Error: Unresolved compilation problems: 
	locatorValue cannot be resolved to a variable
	locatorType cannot be resolved to a variable
	locatorValue cannot be resolved to a variable
	textToEnter cannot be resolved to a variable
	locatorType cannot be resolved to a variable
	locatorValue cannot be resolved to a variable

	at TestFramework.Tester.m1(Tester.java:10)
... Removed 24 stack frames]]>
    </failure>
  </testcase> <!-- m1 -->
  <testcase name="m2" time="0.0" classname="TestCase.ListnerExample">
    <skipped/>
  </testcase> <!-- m2 -->
  <testcase name="m123" time="0.0" classname="TestCase.TestPractise">
    <skipped/>
  </testcase> <!-- m123 -->
</testsuite> <!-- Test -->
